<?xml version="1.0" encoding="UTF-8"?>
<testng-results skipped="0" failed="1" total="1" passed="0">
  <reporter-output>
  </reporter-output>
  <suite name="Default suite" duration-ms="127791" started-at="2017-07-24T11:07:32Z" finished-at="2017-07-24T11:09:40Z">
    <groups>
    </groups>
    <test name="Default test" duration-ms="127791" started-at="2017-07-24T11:07:32Z" finished-at="2017-07-24T11:09:40Z">
      <class name="com.layout.tests.WelcomePageTest">
        <test-method status="FAIL" signature="welcomePage_shouldLookGood_onDevice(com.layout.components.GenericProperty$TestDevice)[pri:0, instance:com.layout.tests.WelcomePageTest@bef2d72]" name="welcomePage_shouldLookGood_onDevice" duration-ms="127774" started-at="2017-07-24T16:37:32Z" data-provider="devices" finished-at="2017-07-24T16:39:40Z">
          <exception class="java.lang.NullPointerException">
            <full-stacktrace>
              <![CDATA[java.lang.NullPointerException
	at com.layout.components.GenericProperty$TestDevice.toString(GenericProperty.java:67)
	at org.testng.remote.strprotocol.TestResultMessage.toString(TestResultMessage.java:354)
	at org.testng.remote.strprotocol.TestResultMessage.toString(TestResultMessage.java:339)
	at org.testng.remote.strprotocol.TestResultMessage.<init>(TestResultMessage.java:138)
	at org.testng.remote.strprotocol.TestResultMessage.<init>(TestResultMessage.java:148)
	at org.testng.remote.strprotocol.RemoteTestListener1.onTestFailure(RemoteTestListener1.java:68)
	at org.testng.remote.strprotocol.RemoteTestListener1.onConfigurationFailure(RemoteTestListener1.java:98)
	at org.testng.internal.Invoker.runConfigurationListeners(Invoker.java:1874)
	at org.testng.internal.Invoker.handleConfigurationFailure(Invoker.java:334)
	at org.testng.internal.Invoker.invokeConfigurations(Invoker.java:237)
	at org.testng.internal.Invoker.invokeMethod(Invoker.java:653)
	at org.testng.internal.Invoker.invokeTestMethod(Invoker.java:907)
	at org.testng.internal.Invoker.invokeTestMethods(Invoker.java:1237)
	at org.testng.internal.TestMethodWorker.invokeTestMethods(TestMethodWorker.java:127)
	at org.testng.internal.TestMethodWorker.run(TestMethodWorker.java:111)
	at org.testng.TestRunner.privateRun(TestRunner.java:767)
	at org.testng.TestRunner.run(TestRunner.java:617)
	at org.testng.SuiteRunner.runTest(SuiteRunner.java:334)
	at org.testng.SuiteRunner.runSequentially(SuiteRunner.java:329)
	at org.testng.SuiteRunner.privateRun(SuiteRunner.java:291)
	at org.testng.SuiteRunner.run(SuiteRunner.java:240)
	at org.testng.SuiteRunnerWorker.runSuite(SuiteRunnerWorker.java:51)
	at org.testng.SuiteRunnerWorker.run(SuiteRunnerWorker.java:85)
	at org.testng.TestNG.runSuitesSequentially(TestNG.java:1197)
	at org.testng.TestNG.runSuitesLocally(TestNG.java:1122)
	at org.testng.TestNG.run(TestNG.java:1030)
	at org.testng.remote.AbstractRemoteTestNG.run(AbstractRemoteTestNG.java:132)
	at org.testng.remote.RemoteTestNG.initAndRun(RemoteTestNG.java:230)
	at org.testng.remote.RemoteTestNG.main(RemoteTestNG.java:76)
]]>
            </full-stacktrace>
          </exception> <!-- java.lang.NullPointerException -->
          <reporter-output>
          </reporter-output>
        </test-method> <!-- welcomePage_shouldLookGood_onDevice -->
        <test-method status="PASS" signature="initDriver([Ljava.lang.Object;)[pri:0, instance:com.layout.tests.WelcomePageTest@bef2d72]" name="initDriver" is-config="true" duration-ms="50082" started-at="2017-07-24T16:38:50Z" finished-at="2017-07-24T16:39:40Z">
          <params>
            <param index="0">
              <value>
                <![CDATA[[Ljava.lang.Object;@3153ddfc]]>
              </value>
            </param>
          </params>
          <reporter-output>
          </reporter-output>
        </test-method> <!-- initDriver -->
        <test-method status="FAIL" signature="initReport(java.lang.reflect.Method, [Ljava.lang.Object;)[pri:0, instance:com.layout.tests.WelcomePageTest@bef2d72]" name="initReport" is-config="true" duration-ms="0" started-at="2017-07-24T16:39:40Z" finished-at="2017-07-24T16:39:40Z">
          <params>
            <param index="0">
              <value>
                <![CDATA[public void com.layout.tests.WelcomePageTest.welcomePage_shouldLookGood_onDevice(com.layout.components.GenericProperty$TestDevice) throws java.io.IOException]]>
              </value>
            </param>
            <param index="1">
              <value>
                <![CDATA[[Ljava.lang.Object;@3153ddfc]]>
              </value>
            </param>
          </params>
          <exception class="java.lang.NullPointerException">
            <full-stacktrace>
              <![CDATA[java.lang.NullPointerException
	at com.layout.components.GenericProperty$TestDevice.toString(GenericProperty.java:67)
	at com.galenframework.reports.GalenTestInfo.convertArgumentToString(GalenTestInfo.java:140)
	at com.galenframework.reports.GalenTestInfo.fromMethod(GalenTestInfo.java:124)
	at com.galenframework.support.GalenJavaTestBase.createTestInfo(GalenJavaTestBase.java:60)
	at com.galenframework.testng.GalenTestNgTestBase.initReport(GalenTestNgTestBase.java:39)
	at sun.reflect.NativeMethodAccessorImpl.invoke0(Native Method)
	at sun.reflect.NativeMethodAccessorImpl.invoke(NativeMethodAccessorImpl.java:62)
	at sun.reflect.DelegatingMethodAccessorImpl.invoke(DelegatingMethodAccessorImpl.java:43)
	at java.lang.reflect.Method.invoke(Method.java:498)
	at org.testng.internal.MethodInvocationHelper.invokeMethod(MethodInvocationHelper.java:80)
	at org.testng.internal.Invoker.invokeConfigurationMethod(Invoker.java:564)
	at org.testng.internal.Invoker.invokeConfigurations(Invoker.java:213)
	at org.testng.internal.Invoker.invokeMethod(Invoker.java:653)
	at org.testng.internal.Invoker.invokeTestMethod(Invoker.java:907)
	at org.testng.internal.Invoker.invokeTestMethods(Invoker.java:1237)
	at org.testng.internal.TestMethodWorker.invokeTestMethods(TestMethodWorker.java:127)
	at org.testng.internal.TestMethodWorker.run(TestMethodWorker.java:111)
	at org.testng.TestRunner.privateRun(TestRunner.java:767)
	at org.testng.TestRunner.run(TestRunner.java:617)
	at org.testng.SuiteRunner.runTest(SuiteRunner.java:334)
	at org.testng.SuiteRunner.runSequentially(SuiteRunner.java:329)
	at org.testng.SuiteRunner.privateRun(SuiteRunner.java:291)
	at org.testng.SuiteRunner.run(SuiteRunner.java:240)
	at org.testng.SuiteRunnerWorker.runSuite(SuiteRunnerWorker.java:51)
	at org.testng.SuiteRunnerWorker.run(SuiteRunnerWorker.java:85)
	at org.testng.TestNG.runSuitesSequentially(TestNG.java:1197)
	at org.testng.TestNG.runSuitesLocally(TestNG.java:1122)
	at org.testng.TestNG.run(TestNG.java:1030)
	at org.testng.remote.AbstractRemoteTestNG.run(AbstractRemoteTestNG.java:132)
	at org.testng.remote.RemoteTestNG.initAndRun(RemoteTestNG.java:230)
	at org.testng.remote.RemoteTestNG.main(RemoteTestNG.java:76)
]]>
            </full-stacktrace>
          </exception> <!-- java.lang.NullPointerException -->
          <reporter-output>
          </reporter-output>
        </test-method> <!-- initReport -->
      </class> <!-- com.layout.tests.WelcomePageTest -->
    </test> <!-- Default test -->
  </suite> <!-- Default suite -->
</testng-results>
